2015-04-22 08:29:56.305 Bunxious[37201:6951560] DiskCookieStorage changing policy from 2 to 0, cookie file: file:///Users/ben/Library/Developer/CoreSimulator/Devices/5BB76212-1D69-4655-933C-F0373F164F66/data/Containers/Data/Application/6B75D91B-4853-47A6-85FB-6A71D70DABDE/Library/Cookies/Cookies.binarycookies
2015-04-22 08:29:56.540 Bunxious[37201:6951560] Apache Cordova native platform version 3.8.0 is starting.
2015-04-22 08:29:56.540 Bunxious[37201:6951560] Multi-tasking -> Device: YES, App: YES
2015-04-22 08:29:56.548 Bunxious[37201:6951560] Unlimited access to network resources
2015-04-22 08:29:56.555 Bunxious[37201:6951560] 

Started backup to iCloud! Please be careful.
Your application might be rejected by Apple if you store too much data.
For more information please read "iOS Data Storage Guidelines" at:
https://developer.apple.com/icloud/documentation/data-storage/
To disable web storage backup to iCloud, set the BackupWebStorage preference to "local" in the Cordova config.xml file

2015-04-22 08:29:57.545 Bunxious[37201:6951560] Resetting plugins due to page load.
2015-04-22 08:30:03.702 Bunxious[37201:6951560] Finished load of: file:///Users/ben/Library/Developer/CoreSimulator/Devices/5BB76212-1D69-4655-933C-F0373F164F66/data/Containers/Bundle/Application/9DE9A9DC-3EAD-4ED6-8B23-521AFC8C0766/Bunxious.app/www/index.html
2015-04-30 10:38:29.786 Bunxious[2471:16517] DiskCookieStorage changing policy from 2 to 0, cookie file: file:///Users/ben/Library/Developer/CoreSimulator/Devices/5BB76212-1D69-4655-933C-F0373F164F66/data/Containers/Data/Application/C394127C-0B62-4F80-83DE-F95C57D2CC44/Library/Cookies/Cookies.binarycookies
2015-04-30 10:38:29.948 Bunxious[2471:16517] Apache Cordova native platform version 3.8.0 is starting.
2015-04-30 10:38:29.948 Bunxious[2471:16517] Multi-tasking -> Device: YES, App: YES
2015-04-30 10:38:29.958 Bunxious[2471:16517] Unlimited access to network resources
2015-04-30 10:38:29.963 Bunxious[2471:16517] 

Started backup to iCloud! Please be careful.
Your application might be rejected by Apple if you store too much data.
For more information please read "iOS Data Storage Guidelines" at:
https://developer.apple.com/icloud/documentation/data-storage/
To disable web storage backup to iCloud, set the BackupWebStorage preference to "local" in the Cordova config.xml file

2015-04-30 10:38:30.404 Bunxious[2471:16517] Resetting plugins due to page load.
2015-04-30 10:38:33.199 Bunxious[2471:16517] Finished load of: file:///Users/ben/Library/Developer/CoreSimulator/Devices/5BB76212-1D69-4655-933C-F0373F164F66/data/Containers/Bundle/Application/7C8FDBB6-62E6-4200-AA2D-CE3FA39F6B7C/Bunxious.app/www/index.html
2015-04-30 10:42:35.767 Bunxious[3499:19852] Apache Cordova native platform version 3.8.0 is starting.
2015-04-30 10:42:35.768 Bunxious[3499:19852] Multi-tasking -> Device: YES, App: YES
2015-04-30 10:42:35.769 Bunxious[3499:19852] Unlimited access to network resources
2015-04-30 10:42:35.770 Bunxious[3499:19852] 

Started backup to iCloud! Please be careful.
Your application might be rejected by Apple if you store too much data.
For more information please read "iOS Data Storage Guidelines" at:
https://developer.apple.com/icloud/documentation/data-storage/
To disable web storage backup to iCloud, set the BackupWebStorage preference to "local" in the Cordova config.xml file

2015-04-30 10:42:35.976 Bunxious[3499:19852] Resetting plugins due to page load.
2015-04-30 10:42:37.747 Bunxious[3499:19852] Finished load of: file:///Users/ben/Library/Developer/CoreSimulator/Devices/5BB76212-1D69-4655-933C-F0373F164F66/data/Containers/Bundle/Application/15231B76-471D-4729-886D-9F1178F2A57B/Bunxious.app/www/index.html
2015-04-30 10:44:25.099 Bunxious[3744:21092] Apache Cordova native platform version 3.8.0 is starting.
2015-04-30 10:44:25.100 Bunxious[3744:21092] Multi-tasking -> Device: YES, App: YES
2015-04-30 10:44:25.102 Bunxious[3744:21092] Unlimited access to network resources
2015-04-30 10:44:25.104 Bunxious[3744:21092] 

Started backup to iCloud! Please be careful.
Your application might be rejected by Apple if you store too much data.
For more information please read "iOS Data Storage Guidelines" at:
https://developer.apple.com/icloud/documentation/data-storage/
To disable web storage backup to iCloud, set the BackupWebStorage preference to "local" in the Cordova config.xml file

2015-04-30 10:44:25.309 Bunxious[3744:21092] Resetting plugins due to page load.
2015-04-30 10:44:25.371 Bunxious[3744:21092] Failed to load webpage with error: The operation couldn’t be completed. (NSURLErrorDomain error -999.)
2015-04-30 10:44:25.372 Bunxious[3744:21092] Resetting plugins due to page load.
2015-04-30 10:44:26.859 Bunxious[3744:21092] Finished load of: file:///Users/ben/Library/Developer/CoreSimulator/Devices/5BB76212-1D69-4655-933C-F0373F164F66/data/Containers/Bundle/Application/5E960486-4EC9-4768-BB18-40B7B8F20E2B/Bunxious.app/www/index.html
2015-04-30 10:46:39.705 Bunxious[4173:23014] Apache Cordova native platform version 3.8.0 is starting.
2015-04-30 10:46:39.706 Bunxious[4173:23014] Multi-tasking -> Device: YES, App: YES
2015-04-30 10:46:39.707 Bunxious[4173:23014] Unlimited access to network resources
2015-04-30 10:46:39.709 Bunxious[4173:23014] 

Started backup to iCloud! Please be careful.
Your application might be rejected by Apple if you store too much data.
For more information please read "iOS Data Storage Guidelines" at:
https://developer.apple.com/icloud/documentation/data-storage/
To disable web storage backup to iCloud, set the BackupWebStorage preference to "local" in the Cordova config.xml file

2015-04-30 10:46:39.909 Bunxious[4173:23014] Resetting plugins due to page load.
2015-04-30 10:46:39.971 Bunxious[4173:23014] Failed to load webpage with error: The operation couldn’t be completed. (NSURLErrorDomain error -999.)
2015-04-30 10:46:39.972 Bunxious[4173:23014] Resetting plugins due to page load.
2015-04-30 10:46:41.441 Bunxious[4173:23014] Finished load of: file:///Users/ben/Library/Developer/CoreSimulator/Devices/5BB76212-1D69-4655-933C-F0373F164F66/data/Containers/Bundle/Application/AF10FC51-0F2C-487C-9956-150FA4DB26A7/Bunxious.app/www/index.html
2015-04-30 10:46:51.819 Bunxious[4173:23014] -[WebActionDisablingCALayerDelegate setBeingRemoved:]: unrecognized selector sent to instance 0x7a7e4850
2015-04-30 10:46:51.823 Bunxious[4173:23014] *** WebKit discarded an uncaught exception in the webView:willRemoveScrollingLayer:withContentsLayer:forNode: delegate: <NSInvalidArgumentException> -[WebActionDisablingCALayerDelegate setBeingRemoved:]: unrecognized selector sent to instance 0x7a7e4850
2015-04-30 10:46:58.190 Bunxious[4173:23014] -[WebActionDisablingCALayerDelegate setBeingRemoved:]: unrecognized selector sent to instance 0x7a7e4850
2015-04-30 10:46:58.190 Bunxious[4173:23014] *** WebKit discarded an uncaught exception in the webView:willRemoveScrollingLayer:withContentsLayer:forNode: delegate: <NSInvalidArgumentException> -[WebActionDisablingCALayerDelegate setBeingRemoved:]: unrecognized selector sent to instance 0x7a7e4850
2015-04-30 10:47:52.204 Bunxious[4292:23914] Apache Cordova native platform version 3.8.0 is starting.
2015-04-30 10:47:52.205 Bunxious[4292:23914] Multi-tasking -> Device: YES, App: YES
2015-04-30 10:47:52.206 Bunxious[4292:23914] Unlimited access to network resources
2015-04-30 10:47:52.208 Bunxious[4292:23914] 

Started backup to iCloud! Please be careful.
Your application might be rejected by Apple if you store too much data.
For more information please read "iOS Data Storage Guidelines" at:
https://developer.apple.com/icloud/documentation/data-storage/
To disable web storage backup to iCloud, set the BackupWebStorage preference to "local" in the Cordova config.xml file

2015-04-30 10:47:52.412 Bunxious[4292:23914] Resetting plugins due to page load.
2015-04-30 10:47:52.480 Bunxious[4292:23914] Failed to load webpage with error: The operation couldn’t be completed. (NSURLErrorDomain error -999.)
2015-04-30 10:47:52.483 Bunxious[4292:23914] Resetting plugins due to page load.
2015-04-30 10:47:53.870 Bunxious[4292:23914] Finished load of: file:///Users/ben/Library/Developer/CoreSimulator/Devices/5BB76212-1D69-4655-933C-F0373F164F66/data/Containers/Bundle/Application/9BF77708-162E-4EB7-A8D5-3E5FBC2F58B2/Bunxious.app/www/index.html
2015-04-30 10:48:42.041 Bunxious[4439:24984] Apache Cordova native platform version 3.8.0 is starting.
2015-04-30 10:48:42.042 Bunxious[4439:24984] Multi-tasking -> Device: YES, App: YES
2015-04-30 10:48:42.043 Bunxious[4439:24984] Unlimited access to network resources
2015-04-30 10:48:42.045 Bunxious[4439:24984] 

Started backup to iCloud! Please be careful.
Your application might be rejected by Apple if you store too much data.
For more information please read "iOS Data Storage Guidelines" at:
https://developer.apple.com/icloud/documentation/data-storage/
To disable web storage backup to iCloud, set the BackupWebStorage preference to "local" in the Cordova config.xml file

2015-04-30 10:48:42.257 Bunxious[4439:24984] Resetting plugins due to page load.
2015-04-30 10:48:42.318 Bunxious[4439:24984] Failed to load webpage with error: The operation couldn’t be completed. (NSURLErrorDomain error -999.)
2015-04-30 10:48:42.319 Bunxious[4439:24984] Resetting plugins due to page load.
2015-04-30 10:48:43.445 Bunxious[4439:24984] Finished load of: file:///Users/ben/Library/Developer/CoreSimulator/Devices/5BB76212-1D69-4655-933C-F0373F164F66/data/Containers/Bundle/Application/6C1C8936-136B-4616-B78B-C15B838986C7/Bunxious.app/www/index.html
2015-04-30 10:48:59.975 Bunxious[4532:25503] Apache Cordova native platform version 3.8.0 is starting.
2015-04-30 10:48:59.976 Bunxious[4532:25503] Multi-tasking -> Device: YES, App: YES
2015-04-30 10:48:59.977 Bunxious[4532:25503] Unlimited access to network resources
2015-04-30 10:48:59.979 Bunxious[4532:25503] 

Started backup to iCloud! Please be careful.
Your application might be rejected by Apple if you store too much data.
For more information please read "iOS Data Storage Guidelines" at:
https://developer.apple.com/icloud/documentation/data-storage/
To disable web storage backup to iCloud, set the BackupWebStorage preference to "local" in the Cordova config.xml file

2015-04-30 10:49:00.223 Bunxious[4532:25503] Resetting plugins due to page load.
2015-04-30 10:49:00.338 Bunxious[4532:25503] Failed to load webpage with error: The operation couldn’t be completed. (NSURLErrorDomain error -999.)
2015-04-30 10:49:00.340 Bunxious[4532:25503] Resetting plugins due to page load.
2015-04-30 10:49:01.821 Bunxious[4532:25503] Finished load of: file:///Users/ben/Library/Developer/CoreSimulator/Devices/5BB76212-1D69-4655-933C-F0373F164F66/data/Containers/Bundle/Application/9A17C891-2E77-4E77-8482-01EE18F20F61/Bunxious.app/www/index.html
2015-04-30 10:54:38.021 Bunxious[5555:29477] Apache Cordova native platform version 3.8.0 is starting.
2015-04-30 10:54:38.022 Bunxious[5555:29477] Multi-tasking -> Device: YES, App: YES
2015-04-30 10:54:38.023 Bunxious[5555:29477] Unlimited access to network resources
2015-04-30 10:54:38.025 Bunxious[5555:29477] 

Started backup to iCloud! Please be careful.
Your application might be rejected by Apple if you store too much data.
For more information please read "iOS Data Storage Guidelines" at:
https://developer.apple.com/icloud/documentation/data-storage/
To disable web storage backup to iCloud, set the BackupWebStorage preference to "local" in the Cordova config.xml file

2015-04-30 10:54:38.230 Bunxious[5555:29477] Resetting plugins due to page load.
2015-04-30 10:54:38.292 Bunxious[5555:29477] Failed to load webpage with error: The operation couldn’t be completed. (NSURLErrorDomain error -999.)
2015-04-30 10:54:38.293 Bunxious[5555:29477] Resetting plugins due to page load.
2015-04-30 10:54:39.606 Bunxious[5555:29477] Finished load of: file:///Users/ben/Library/Developer/CoreSimulator/Devices/5BB76212-1D69-4655-933C-F0373F164F66/data/Containers/Bundle/Application/EB4DB6DE-1B81-404E-A0F7-34338ED0D7FD/Bunxious.app/www/index.html
2015-04-30 10:55:16.920 Bunxious[5620:30167] Apache Cordova native platform version 3.8.0 is starting.
2015-04-30 10:55:16.921 Bunxious[5620:30167] Multi-tasking -> Device: YES, App: YES
2015-04-30 10:55:16.923 Bunxious[5620:30167] Unlimited access to network resources
2015-04-30 10:55:16.925 Bunxious[5620:30167] 

Started backup to iCloud! Please be careful.
Your application might be rejected by Apple if you store too much data.
For more information please read "iOS Data Storage Guidelines" at:
https://developer.apple.com/icloud/documentation/data-storage/
To disable web storage backup to iCloud, set the BackupWebStorage preference to "local" in the Cordova config.xml file

2015-04-30 10:55:17.220 Bunxious[5620:30167] Resetting plugins due to page load.
2015-04-30 10:55:17.315 Bunxious[5620:30167] Failed to load webpage with error: The operation couldn’t be completed. (NSURLErrorDomain error -999.)
2015-04-30 10:55:17.317 Bunxious[5620:30167] Resetting plugins due to page load.
2015-04-30 10:55:18.523 Bunxious[5620:30167] Finished load of: file:///Users/ben/Library/Developer/CoreSimulator/Devices/5BB76212-1D69-4655-933C-F0373F164F66/data/Containers/Bundle/Application/290006B7-9F7F-4087-A266-4EA844351C91/Bunxious.app/www/index.html
2015-04-30 10:56:42.575 Bunxious[5683:30852] Apache Cordova native platform version 3.8.0 is starting.
2015-04-30 10:56:42.576 Bunxious[5683:30852] Multi-tasking -> Device: YES, App: YES
2015-04-30 10:56:42.577 Bunxious[5683:30852] Unlimited access to network resources
2015-04-30 10:56:42.579 Bunxious[5683:30852] 

Started backup to iCloud! Please be careful.
Your application might be rejected by Apple if you store too much data.
For more information please read "iOS Data Storage Guidelines" at:
https://developer.apple.com/icloud/documentation/data-storage/
To disable web storage backup to iCloud, set the BackupWebStorage preference to "local" in the Cordova config.xml file

2015-04-30 10:56:42.782 Bunxious[5683:30852] Resetting plugins due to page load.
2015-04-30 10:56:42.842 Bunxious[5683:30852] Failed to load webpage with error: The operation couldn’t be completed. (NSURLErrorDomain error -999.)
2015-04-30 10:56:42.844 Bunxious[5683:30852] Resetting plugins due to page load.
2015-04-30 10:56:44.464 Bunxious[5683:30852] Finished load of: file:///Users/ben/Library/Developer/CoreSimulator/Devices/5BB76212-1D69-4655-933C-F0373F164F66/data/Containers/Bundle/Application/60971A38-13FF-4582-A00A-864A624A7FCF/Bunxious.app/www/index.html
2015-04-30 10:59:06.851 Bunxious[5751:32130] Apache Cordova native platform version 3.8.0 is starting.
2015-04-30 10:59:06.851 Bunxious[5751:32130] Multi-tasking -> Device: YES, App: YES
2015-04-30 10:59:06.852 Bunxious[5751:32130] Unlimited access to network resources
2015-04-30 10:59:06.854 Bunxious[5751:32130] 

Started backup to iCloud! Please be careful.
Your application might be rejected by Apple if you store too much data.
For more information please read "iOS Data Storage Guidelines" at:
https://developer.apple.com/icloud/documentation/data-storage/
To disable web storage backup to iCloud, set the BackupWebStorage preference to "local" in the Cordova config.xml file

2015-04-30 10:59:07.066 Bunxious[5751:32130] Resetting plugins due to page load.
2015-04-30 10:59:07.130 Bunxious[5751:32130] Failed to load webpage with error: The operation couldn’t be completed. (NSURLErrorDomain error -999.)
2015-04-30 10:59:07.131 Bunxious[5751:32130] Resetting plugins due to page load.
2015-04-30 10:59:11.046 Bunxious[5751:32130] Finished load of: file:///Users/ben/Library/Developer/CoreSimulator/Devices/5BB76212-1D69-4655-933C-F0373F164F66/data/Containers/Bundle/Application/71DAF25B-A230-404B-A8B5-BFD555A7BFAF/Bunxious.app/www/index.html
2015-04-30 11:00:19.203 Bunxious[5823:33250] Apache Cordova native platform version 3.8.0 is starting.
2015-04-30 11:00:19.204 Bunxious[5823:33250] Multi-tasking -> Device: YES, App: YES
2015-04-30 11:00:19.205 Bunxious[5823:33250] Unlimited access to network resources
2015-04-30 11:00:19.207 Bunxious[5823:33250] 

Started backup to iCloud! Please be careful.
Your application might be rejected by Apple if you store too much data.
For more information please read "iOS Data Storage Guidelines" at:
https://developer.apple.com/icloud/documentation/data-storage/
To disable web storage backup to iCloud, set the BackupWebStorage preference to "local" in the Cordova config.xml file

2015-04-30 11:00:19.423 Bunxious[5823:33250] Resetting plugins due to page load.
2015-04-30 11:00:19.488 Bunxious[5823:33250] Failed to load webpage with error: The operation couldn’t be completed. (NSURLErrorDomain error -999.)
2015-04-30 11:00:19.489 Bunxious[5823:33250] Resetting plugins due to page load.
2015-04-30 11:00:20.865 Bunxious[5823:33250] Finished load of: file:///Users/ben/Library/Developer/CoreSimulator/Devices/5BB76212-1D69-4655-933C-F0373F164F66/data/Containers/Bundle/Application/99C651EA-5FC2-4B2C-A8AB-17406B4A816C/Bunxious.app/www/index.html
2015-04-30 11:00:58.228 Bunxious[5887:33829] Apache Cordova native platform version 3.8.0 is starting.
2015-04-30 11:00:58.228 Bunxious[5887:33829] Multi-tasking -> Device: YES, App: YES
2015-04-30 11:00:58.230 Bunxious[5887:33829] Unlimited access to network resources
2015-04-30 11:00:58.232 Bunxious[5887:33829] 

Started backup to iCloud! Please be careful.
Your application might be rejected by Apple if you store too much data.
For more information please read "iOS Data Storage Guidelines" at:
https://developer.apple.com/icloud/documentation/data-storage/
To disable web storage backup to iCloud, set the BackupWebStorage preference to "local" in the Cordova config.xml file

2015-04-30 11:00:58.442 Bunxious[5887:33829] Resetting plugins due to page load.
2015-04-30 11:00:58.514 Bunxious[5887:33829] Failed to load webpage with error: The operation couldn’t be completed. (NSURLErrorDomain error -999.)
2015-04-30 11:00:58.515 Bunxious[5887:33829] Resetting plugins due to page load.
2015-04-30 11:00:59.802 Bunxious[5887:33829] Finished load of: file:///Users/ben/Library/Developer/CoreSimulator/Devices/5BB76212-1D69-4655-933C-F0373F164F66/data/Containers/Bundle/Application/06F207D7-A927-4CE4-BB4D-1E67F1FC66C3/Bunxious.app/www/index.html
2015-04-30 11:01:22.566 Bunxious[5951:34359] Apache Cordova native platform version 3.8.0 is starting.
2015-04-30 11:01:22.566 Bunxious[5951:34359] Multi-tasking -> Device: YES, App: YES
2015-04-30 11:01:22.568 Bunxious[5951:34359] Unlimited access to network resources
2015-04-30 11:01:22.570 Bunxious[5951:34359] 

Started backup to iCloud! Please be careful.
Your application might be rejected by Apple if you store too much data.
For more information please read "iOS Data Storage Guidelines" at:
https://developer.apple.com/icloud/documentation/data-storage/
To disable web storage backup to iCloud, set the BackupWebStorage preference to "local" in the Cordova config.xml file

2015-04-30 11:01:22.769 Bunxious[5951:34359] Resetting plugins due to page load.
2015-04-30 11:01:22.829 Bunxious[5951:34359] Failed to load webpage with error: The operation couldn’t be completed. (NSURLErrorDomain error -999.)
2015-04-30 11:01:22.831 Bunxious[5951:34359] Resetting plugins due to page load.
2015-04-30 11:01:24.201 Bunxious[5951:34359] Finished load of: file:///Users/ben/Library/Developer/CoreSimulator/Devices/5BB76212-1D69-4655-933C-F0373F164F66/data/Containers/Bundle/Application/A45E0529-8124-4A04-91C4-091C40A9CF67/Bunxious.app/www/index.html
2015-04-30 11:02:03.758 Bunxious[6019:35105] Apache Cordova native platform version 3.8.0 is starting.
2015-04-30 11:02:03.759 Bunxious[6019:35105] Multi-tasking -> Device: YES, App: YES
2015-04-30 11:02:03.760 Bunxious[6019:35105] Unlimited access to network resources
2015-04-30 11:02:03.762 Bunxious[6019:35105] 

Started backup to iCloud! Please be careful.
Your application might be rejected by Apple if you store too much data.
For more information please read "iOS Data Storage Guidelines" at:
https://developer.apple.com/icloud/documentation/data-storage/
To disable web storage backup to iCloud, set the BackupWebStorage preference to "local" in the Cordova config.xml file

2015-04-30 11:02:03.961 Bunxious[6019:35105] Resetting plugins due to page load.
2015-04-30 11:02:04.022 Bunxious[6019:35105] Failed to load webpage with error: The operation couldn’t be completed. (NSURLErrorDomain error -999.)
2015-04-30 11:02:04.024 Bunxious[6019:35105] Resetting plugins due to page load.
2015-04-30 11:02:05.241 Bunxious[6019:35105] Finished load of: file:///Users/ben/Library/Developer/CoreSimulator/Devices/5BB76212-1D69-4655-933C-F0373F164F66/data/Containers/Bundle/Application/04B5C947-4EC4-47CE-B11A-724065EF99C7/Bunxious.app/www/index.html
2015-04-30 11:03:11.713 Bunxious[6086:36009] Apache Cordova native platform version 3.8.0 is starting.
2015-04-30 11:03:11.714 Bunxious[6086:36009] Multi-tasking -> Device: YES, App: YES
2015-04-30 11:03:11.715 Bunxious[6086:36009] Unlimited access to network resources
2015-04-30 11:03:11.717 Bunxious[6086:36009] 

Started backup to iCloud! Please be careful.
Your application might be rejected by Apple if you store too much data.
For more information please read "iOS Data Storage Guidelines" at:
https://developer.apple.com/icloud/documentation/data-storage/
To disable web storage backup to iCloud, set the BackupWebStorage preference to "local" in the Cordova config.xml file

2015-04-30 11:03:12.024 Bunxious[6086:36009] Resetting plugins due to page load.
2015-04-30 11:03:12.098 Bunxious[6086:36009] Failed to load webpage with error: The operation couldn’t be completed. (NSURLErrorDomain error -999.)
2015-04-30 11:03:12.100 Bunxious[6086:36009] Resetting plugins due to page load.
2015-04-30 11:03:13.470 Bunxious[6086:36009] Finished load of: file:///Users/ben/Library/Developer/CoreSimulator/Devices/5BB76212-1D69-4655-933C-F0373F164F66/data/Containers/Bundle/Application/75B5FB11-6591-4D22-9032-914794A011ED/Bunxious.app/www/index.html
2015-04-30 11:03:35.094 Bunxious[6150:36502] Apache Cordova native platform version 3.8.0 is starting.
2015-04-30 11:03:35.095 Bunxious[6150:36502] Multi-tasking -> Device: YES, App: YES
2015-04-30 11:03:35.096 Bunxious[6150:36502] Unlimited access to network resources
2015-04-30 11:03:35.098 Bunxious[6150:36502] 

Started backup to iCloud! Please be careful.
Your application might be rejected by Apple if you store too much data.
For more information please read "iOS Data Storage Guidelines" at:
https://developer.apple.com/icloud/documentation/data-storage/
To disable web storage backup to iCloud, set the BackupWebStorage preference to "local" in the Cordova config.xml file

2015-04-30 11:03:35.313 Bunxious[6150:36502] Resetting plugins due to page load.
2015-04-30 11:03:35.389 Bunxious[6150:36502] Failed to load webpage with error: The operation couldn’t be completed. (NSURLErrorDomain error -999.)
2015-04-30 11:03:35.390 Bunxious[6150:36502] Resetting plugins due to page load.
2015-04-30 11:03:36.492 Bunxious[6150:36502] Finished load of: file:///Users/ben/Library/Developer/CoreSimulator/Devices/5BB76212-1D69-4655-933C-F0373F164F66/data/Containers/Bundle/Application/AB7D15D6-9EAA-41D8-AB4D-54BEAC6D3C38/Bunxious.app/www/index.html
2015-04-30 11:03:56.290 Bunxious[6211:37019] Apache Cordova native platform version 3.8.0 is starting.
2015-04-30 11:03:56.291 Bunxious[6211:37019] Multi-tasking -> Device: YES, App: YES
2015-04-30 11:03:56.292 Bunxious[6211:37019] Unlimited access to network resources
2015-04-30 11:03:56.294 Bunxious[6211:37019] 

Started backup to iCloud! Please be careful.
Your application might be rejected by Apple if you store too much data.
For more information please read "iOS Data Storage Guidelines" at:
https://developer.apple.com/icloud/documentation/data-storage/
To disable web storage backup to iCloud, set the BackupWebStorage preference to "local" in the Cordova config.xml file

2015-04-30 11:03:56.510 Bunxious[6211:37019] Resetting plugins due to page load.
2015-04-30 11:03:56.578 Bunxious[6211:37019] Failed to load webpage with error: The operation couldn’t be completed. (NSURLErrorDomain error -999.)
2015-04-30 11:03:56.579 Bunxious[6211:37019] Resetting plugins due to page load.
2015-04-30 11:03:57.706 Bunxious[6211:37019] Finished load of: file:///Users/ben/Library/Developer/CoreSimulator/Devices/5BB76212-1D69-4655-933C-F0373F164F66/data/Containers/Bundle/Application/C821F93A-262A-4102-B6BB-03C0EAB3265A/Bunxious.app/www/index.html
2015-04-30 11:04:36.385 Bunxious[6275:37581] Apache Cordova native platform version 3.8.0 is starting.
2015-04-30 11:04:36.386 Bunxious[6275:37581] Multi-tasking -> Device: YES, App: YES
2015-04-30 11:04:36.387 Bunxious[6275:37581] Unlimited access to network resources
2015-04-30 11:04:36.389 Bunxious[6275:37581] 

Started backup to iCloud! Please be careful.
Your application might be rejected by Apple if you store too much data.
For more information please read "iOS Data Storage Guidelines" at:
https://developer.apple.com/icloud/documentation/data-storage/
To disable web storage backup to iCloud, set the BackupWebStorage preference to "local" in the Cordova config.xml file

2015-04-30 11:04:36.596 Bunxious[6275:37581] Resetting plugins due to page load.
2015-04-30 11:04:36.657 Bunxious[6275:37581] Failed to load webpage with error: The operation couldn’t be completed. (NSURLErrorDomain error -999.)
2015-04-30 11:04:36.658 Bunxious[6275:37581] Resetting plugins due to page load.
2015-04-30 11:04:38.383 Bunxious[6275:37581] Finished load of: file:///Users/ben/Library/Developer/CoreSimulator/Devices/5BB76212-1D69-4655-933C-F0373F164F66/data/Containers/Bundle/Application/29571215-BB9C-4E87-B445-E947EA625628/Bunxious.app/www/index.html
2015-04-30 11:05:16.075 Bunxious[6339:38212] Apache Cordova native platform version 3.8.0 is starting.
2015-04-30 11:05:16.076 Bunxious[6339:38212] Multi-tasking -> Device: YES, App: YES
2015-04-30 11:05:16.077 Bunxious[6339:38212] Unlimited access to network resources
2015-04-30 11:05:16.079 Bunxious[6339:38212] 

Started backup to iCloud! Please be careful.
Your application might be rejected by Apple if you store too much data.
For more information please read "iOS Data Storage Guidelines" at:
https://developer.apple.com/icloud/documentation/data-storage/
To disable web storage backup to iCloud, set the BackupWebStorage preference to "local" in the Cordova config.xml file

2015-04-30 11:05:16.281 Bunxious[6339:38212] Resetting plugins due to page load.
2015-04-30 11:05:16.341 Bunxious[6339:38212] Failed to load webpage with error: The operation couldn’t be completed. (NSURLErrorDomain error -999.)
2015-04-30 11:05:16.342 Bunxious[6339:38212] Resetting plugins due to page load.
2015-04-30 11:05:17.374 Bunxious[6339:38212] Finished load of: file:///Users/ben/Library/Developer/CoreSimulator/Devices/5BB76212-1D69-4655-933C-F0373F164F66/data/Containers/Bundle/Application/227074DC-6C5C-4C82-B54C-EA6873FA1792/Bunxious.app/www/index.html
2015-04-30 11:05:52.969 Bunxious[6404:38894] Apache Cordova native platform version 3.8.0 is starting.
2015-04-30 11:05:52.969 Bunxious[6404:38894] Multi-tasking -> Device: YES, App: YES
2015-04-30 11:05:52.971 Bunxious[6404:38894] Unlimited access to network resources
2015-04-30 11:05:52.973 Bunxious[6404:38894] 

Started backup to iCloud! Please be careful.
Your application might be rejected by Apple if you store too much data.
For more information please read "iOS Data Storage Guidelines" at:
https://developer.apple.com/icloud/documentation/data-storage/
To disable web storage backup to iCloud, set the BackupWebStorage preference to "local" in the Cordova config.xml file

2015-04-30 11:05:53.232 Bunxious[6404:38894] Resetting plugins due to page load.
2015-04-30 11:05:53.304 Bunxious[6404:38894] Failed to load webpage with error: The operation couldn’t be completed. (NSURLErrorDomain error -999.)
2015-04-30 11:05:53.305 Bunxious[6404:38894] Resetting plugins due to page load.
2015-04-30 11:05:54.572 Bunxious[6404:38894] Finished load of: file:///Users/ben/Library/Developer/CoreSimulator/Devices/5BB76212-1D69-4655-933C-F0373F164F66/data/Containers/Bundle/Application/BD090318-6759-4376-9ECF-2E43AB6D47B2/Bunxious.app/www/index.html
2015-04-30 11:12:58.072 Bunxious[6537:47811] Apache Cordova native platform version 3.8.0 is starting.
2015-04-30 11:12:58.073 Bunxious[6537:47811] Multi-tasking -> Device: YES, App: YES
2015-04-30 11:12:58.074 Bunxious[6537:47811] Unlimited access to network resources
2015-04-30 11:12:58.077 Bunxious[6537:47811] 

Started backup to iCloud! Please be careful.
Your application might be rejected by Apple if you store too much data.
For more information please read "iOS Data Storage Guidelines" at:
https://developer.apple.com/icloud/documentation/data-storage/
To disable web storage backup to iCloud, set the BackupWebStorage preference to "local" in the Cordova config.xml file

2015-04-30 11:12:58.372 Bunxious[6537:47811] Resetting plugins due to page load.
2015-04-30 11:12:58.441 Bunxious[6537:47811] Failed to load webpage with error: The operation couldn’t be completed. (NSURLErrorDomain error -999.)
2015-04-30 11:12:58.442 Bunxious[6537:47811] Resetting plugins due to page load.
2015-04-30 11:12:59.832 Bunxious[6537:47811] Finished load of: file:///Users/ben/Library/Developer/CoreSimulator/Devices/5BB76212-1D69-4655-933C-F0373F164F66/data/Containers/Bundle/Application/3435A9A7-5C5D-4615-9B64-37E408DDCF8B/Bunxious.app/www/index.html
2015-04-30 11:13:04.319 Bunxious[6537:47811] -[WebActionDisablingCALayerDelegate setBeingRemoved:]: unrecognized selector sent to instance 0x7bbcc470
2015-04-30 11:13:04.320 Bunxious[6537:47811] *** WebKit discarded an uncaught exception in the webView:willRemoveScrollingLayer:withContentsLayer:forNode: delegate: <NSInvalidArgumentException> -[WebActionDisablingCALayerDelegate setBeingRemoved:]: unrecognized selector sent to instance 0x7bbcc470
2015-04-30 11:13:39.038 Bunxious[6537:47811] -[WebActionDisablingCALayerDelegate setBeingRemoved:]: unrecognized selector sent to instance 0x7bbcc470
2015-04-30 11:13:39.038 Bunxious[6537:47811] *** WebKit discarded an uncaught exception in the webView:willRemoveScrollingLayer:withContentsLayer:forNode: delegate: <NSInvalidArgumentException> -[WebActionDisablingCALayerDelegate setBeingRemoved:]: unrecognized selector sent to instance 0x7bbcc470
2015-04-30 11:13:47.574 Bunxious[6537:47811] -[WebActionDisablingCALayerDelegate setBeingRemoved:]: unrecognized selector sent to instance 0x7bbcc470
2015-04-30 11:13:47.574 Bunxious[6537:47811] *** WebKit discarded an uncaught exception in the webView:willRemoveScrollingLayer:withContentsLayer:forNode: delegate: <NSInvalidArgumentException> -[WebActionDisablingCALayerDelegate setBeingRemoved:]: unrecognized selector sent to instance 0x7bbcc470
2015-04-30 11:13:51.596 Bunxious[6537:47811] -[WebActionDisablingCALayerDelegate setBeingRemoved:]: unrecognized selector sent to instance 0x7bbcc470
2015-04-30 11:13:51.596 Bunxious[6537:47811] *** WebKit discarded an uncaught exception in the webView:willRemoveScrollingLayer:withContentsLayer:forNode: delegate: <NSInvalidArgumentException> -[WebActionDisablingCALayerDelegate setBeingRemoved:]: unrecognized selector sent to instance 0x7bbcc470
